<?xml version="1.0" encoding="UTF-8"?>
<!-- Generated by org.testng.reporters.JUnitXMLReporter -->
<testsuite ignored="0" hostname="LTIN193923" failures="0" tests="9" name="Default test" time="76.95" errors="0" timestamp="22 Feb 2024 10:26:10 GMT">
  <testcase classname="TruTime.TruTimeproject" name="userInfo" time="19.639"/>
  <testcase classname="TruTime.TruTimeproject" name="oneCognizant" time="6.199"/>
  <testcase classname="TruTime.TruTimeproject" name="navigateTrutime" time="34.224"/>
  <testcase classname="TruTime.TruTimeproject" name="scrollDown" time="15.3"/>
  <testcase classname="TruTime.TruTimeproject" name="printingLegends" time="0.434"/>
  <testcase classname="TruTime.TruTimeproject" name="highlightedDate" time="0.239"/>
  <testcase classname="TruTime.TruTimeproject" name="comparingDates" time="0.004"/>
  <testcase classname="TruTime.TruTimeproject" name="before15Days" time="0.029"/>
  <testcase classname="TruTime.TruTimeproject" name="monthAndYear" time="0.088"/>
</testsuite> <!-- Default test -->
